<?xml version="1.0" encoding="UTF-8"?>
<testsuite name="com.phonebook.tests.LoginTests" tests="1" skipped="0" failures="0" errors="0" timestamp="2023-06-28T16:27:09" hostname="DESKTOP-OS617JJ" time="1.504">
  <properties/>
  <testcase name="loginPositiveTest" classname="com.phonebook.tests.LoginTests" time="1.504"/>
  <system-out><![CDATA[18:27:09.878 [Test worker] INFO  com.phonebook.tests.TestBase -- Start test loginPositiveTest with data[]
18:27:11.415 [Test worker] INFO  com.phonebook.tests.TestBase -- PASSED: loginPositiveTest
18:27:11.415 [Test worker] INFO  com.phonebook.tests.TestBase -- =================================================================================
]]></system-out>
  <system-err><![CDATA[]]></system-err>
</testsuite>
